# JRE version: Java(TM) SE Runtime Environment (16.0.2+7) (build 16.0.2+7-67)
# Java VM: Java HotSpot(TM) 64-Bit Server VM (16.0.2+7-67, mixed mode, sharing, tiered, compressed oops, compressed class ptrs, g1 gc, windows-amd64)
GC Precious Log:
 CPUs: 4 total, 4 available
 Memory: 8100M
 Large Page Support: Disabled
 NUMA Support: Disabled
 Compressed Oops: Enabled (32-bit)
 Heap Region Size: 1M
 Heap Min Capacity: 8M
 Heap Initial Capacity: 128M
 Heap Max Capacity: 2026M
 Pre-touch: Disabled
 Parallel Workers: 4
 Concurrent Workers: 1
 Concurrent Refinement Workers: 4
 Periodic GC: Disabled
Heap:
 garbage-first heap   total 55296K, used 16976K [0x0000000081600000, 0x0000000100000000)
  region size 1024K, 3 young (3072K), 3 survivors (3072K)
 Metaspace       used 25567K, committed 25856K, reserved 1073152K
  class space    used 3417K, committed 3584K, reserved 1048576K
GC Heap History (15 events):
Event: 1.742 GC heap before
{Heap before GC invocations=0 (full 0):
 garbage-first heap   total 131072K, used 14336K [0x0000000081600000, 0x0000000100000000)
  region size 1024K, 13 young (13312K), 0 survivors (0K)
 Metaspace       used 4548K, committed 4800K, reserved 1056768K
  class space    used 515K, committed 640K, reserved 1048576K
}
Event: 1.763 GC heap after
{Heap after GC invocations=1 (full 0):
 garbage-first heap   total 131072K, used 6502K [0x0000000081600000, 0x0000000100000000)
  region size 1024K, 2 young (2048K), 2 survivors (2048K)
 Metaspace       used 4548K, committed 4800K, reserved 1056768K
  class space    used 515K, committed 640K, reserved 1048576K
}
Event: 2.218 GC heap before
{Heap before GC invocations=1 (full 0):
 garbage-first heap   total 131072K, used 14694K [0x0000000081600000, 0x0000000100000000)
  region size 1024K, 10 young (10240K), 2 survivors (2048K)
 Metaspace       used 6314K, committed 6528K, reserved 1056768K
  class space    used 732K, committed 832K, reserved 1048576K
}
Event: 2.223 GC heap after
{Heap after GC invocations=2 (full 0):
 garbage-first heap   total 131072K, used 7962K [0x0000000081600000, 0x0000000100000000)
  region size 1024K, 2 young (2048K), 2 survivors (2048K)
 Metaspace       used 6314K, committed 6528K, reserved 1056768K
  class space    used 732K, committed 832K, reserved 1048576K
}
Event: 3.477 GC heap before
{Heap before GC invocations=2 (full 0):
 garbage-first heap   total 131072K, used 30490K [0x0000000081600000, 0x0000000100000000)
  region size 1024K, 24 young (24576K), 2 survivors (2048K)
 Metaspace       used 11085K, committed 11328K, reserved 1064960K
  class space    used 1433K, committed 1536K, reserved 1048576K
}
Event: 3.482 GC heap after
{Heap after GC invocations=3 (full 0):
 garbage-first heap   total 131072K, used 9538K [0x0000000081600000, 0x0000000100000000)
  region size 1024K, 3 young (3072K), 3 survivors (3072K)
 Metaspace       used 11085K, committed 11328K, reserved 1064960K
  class space    used 1433K, committed 1536K, reserved 1048576K
}
Event: 5.194 GC heap before
{Heap before GC invocations=3 (full 0):
 garbage-first heap   total 131072K, used 82242K [0x0000000081600000, 0x0000000100000000)
  region size 1024K, 75 young (76800K), 3 survivors (3072K)
 Metaspace       used 15713K, committed 16000K, reserved 1064960K
  class space    used 2041K, committed 2176K, reserved 1048576K
}
Event: 5.206 GC heap after
{Heap after GC invocations=4 (full 0):
 garbage-first heap   total 131072K, used 11939K [0x0000000081600000, 0x0000000100000000)
  region size 1024K, 5 young (5120K), 5 survivors (5120K)
 Metaspace       used 15713K, committed 16000K, reserved 1064960K
  class space    used 2041K, committed 2176K, reserved 1048576K
}
Event: 7.482 GC heap before
{Heap before GC invocations=4 (full 0):
 garbage-first heap   total 131072K, used 48803K [0x0000000081600000, 0x0000000100000000)
  region size 1024K, 42 young (43008K), 5 survivors (5120K)
 Metaspace       used 20917K, committed 21248K, reserved 1073152K
  class space    used 2830K, committed 3008K, reserved 1048576K
}
Event: 7.497 GC heap after
{Heap after GC invocations=5 (full 0):
 garbage-first heap   total 131072K, used 14577K [0x0000000081600000, 0x0000000100000000)
  region size 1024K, 8 young (8192K), 8 survivors (8192K)
 Metaspace       used 20917K, committed 21248K, reserved 1073152K
  class space    used 2830K, committed 3008K, reserved 1048576K
}
Event: 8.401 GC heap before
{Heap before GC invocations=6 (full 0):
 garbage-first heap   total 55296K, used 38129K [0x0000000081600000, 0x0000000100000000)
  region size 1024K, 32 young (32768K), 8 survivors (8192K)
 Metaspace       used 23012K, committed 23360K, reserved 1073152K
  class space    used 3105K, committed 3264K, reserved 1048576K
}
Event: 8.431 GC heap after
{Heap after GC invocations=7 (full 0):
 garbage-first heap   total 55296K, used 16159K [0x0000000081600000, 0x0000000100000000)
  region size 1024K, 2 young (2048K), 2 survivors (2048K)
 Metaspace       used 23012K, committed 23360K, reserved 1073152K
  class space    used 3105K, committed 3264K, reserved 1048576K
}
Event: 8.440 GC heap before
{Heap before GC invocations=7 (full 0):
 garbage-first heap   total 55296K, used 38687K [0x0000000081600000, 0x0000000100000000)
  region size 1024K, 25 young (25600K), 2 survivors (2048K)
 Metaspace       used 23012K, committed 23360K, reserved 1073152K
  class space    used 3105K, committed 3264K, reserved 1048576K
}
Event: 8.445 GC heap after
{Heap after GC invocations=8 (full 0):
 garbage-first heap   total 55296K, used 15956K [0x0000000081600000, 0x0000000100000000)
  region size 1024K, 2 young (2048K), 2 survivors (2048K)
 Metaspace       used 23012K, committed 23360K, reserved 1073152K
  class space    used 3105K, committed 3264K, reserved 1048576K
}
Event: 9.932 GC heap before
{Heap before GC invocations=8 (full 0):
 garbage-first heap   total 55296K, used 39508K [0x0000000081600000, 0x0000000100000000)
  region size 1024K, 26 young (26624K), 2 survivors (2048K)
 Metaspace       used 25567K, committed 25856K, reserved 1073152K
  class space    used 3417K, committed 3584K, reserved 1048576K
}

